SSAC-0820-1900-睡前电脑进入夜间模式-82df27992601d4d093903e8804b989bd421ab0d67b35f1d10f7d3f7432b29bb8
SSAC-0820-1900-睡前电脑进入夜间模式-82df27992601d4d093903e8804b989bd421ab0d67b35f1d10f7d3f7432b29bb8
SSAC-0821-1900-睡前电脑进入夜间模式-93debfbb1583d4701105d9f2f122a43dbbec446a5f8c66426ec665d7c6b13f2f
SSAC-0820-1715-《大棋局》-94d3ea17a59f8a8234b3733393320dc32238e0371c62e9973f2f0bf878eeca4a
SSAC-0821-1715-《大棋局》-ac3b3b15281420ee70b7cce018c476f7df638c9cc686223e81284c581d2825fb
SSAC-0820-0530-2019年6月英语六级考试真题试卷附答案(完整版 第2套)_六级真题 - 可可英语-8cc9af60c5a414ffe51cc87422850ae3d3fdb6713757b4fb71b2dddbae1beb08
SSAC-0820-0915-“2020上海赛区数学建模”（本科组）赛前培训系列讲座-7b855ff36af84e5528728df302d6a218f8964693778a518912452f53998703b2
SSAC-0820-1100-每日听力（见OneNote）-059e302f4b4db128595d11a4ba6d4baca7d0abc38da07dd673834605c9078472
SSAC-0821-1100-每日听力（见OneNote）-4c0ddcf97dce16a7d2d43970260f401c5a66f5d5410e1cfc6da283a587261504
SSAC-0820-1130-背词-324e8bf347f0e0eeb7d99258b46fa17b40aa8664d9d6e617fb6096ed8f70d6ce
SSAC-0821-1130-背词-ded54a043f78c889530728df92e539bd619ee5139b833014e381e85bdd77cf49
SSAC-0820-1830-背词-c23ea1904ef88e6f72c1548a1f438d029f87f2cb6b42f8e7722f5d41b306fb9a
SSAC-0821-1830-背词-9b625bdf46ca58c2afca26c02178de266d993955db95fa7b94e05b3236957ace
SSAC-0820-1900-《GEB》-a63ed69c0ed07ece949c057e973be94b8cc9d08042a3f70af1c72f32a8689441
SSAC-0821-1900-《GEB》-a13c8c6708824cfa53df0da5fc9b24dada37742774d11186342b3697bd38c3c9
SSAC-0820-0630-《未来简史》-96bfff24d92c7c76e56c29ba445b3241a4955eb529ca40f166b7712715746858
SSAC-0821-0630-《未来简史》-ab75c658607b13ff832d718eb726c0219f7deb222655bafe291758432b45e22c
SSAC-0820-0730-你的「开髋」真的开对了吗？ - 知乎-e4cf44cc3ba7be2a3d6748fd9a78e905c522875b661a03d04003359084681979
SSAC-0820-1630-今日回顾-c405e3480d2116f2dfc794b3ed361ad602f1e0043d9f70b7a652d11ac92df7ce
SSAC-0821-1630-今日回顾-af5055b358506a6ed58774764b35e81e70038d1f5b2b4de9ad132f195011b750
19 old sch-tasks cleaned.
20 sch-tasks added.
done
